<?xml version="1.0" encoding="UTF-8"?>
<!-- Generated by org.testng.reporters.JUnitXMLReporter -->
<testsuite ignored="0" hostname="LAPTOP-3KFM323G" failures="0" tests="3" name="Default test" time="13.279" errors="0" timestamp="2022-12-17T19:46:00 IST">
  <testcase classname="com.magento.testcases.LoginTest" name="homePagePresentTest" time="0.175"/>
  <testcase classname="com.magento.testcases.LoginTest" name="validateLoginTest" time="4.059"/>
  <testcase classname="com.magento.testcases.LoginTest" name="validateLogoutTest" time="2.679"/>
</testsuite> <!-- Default test -->
