<?xml version="1.0" encoding="UTF-8"?>
<!-- Generated by org.testng.reporters.JUnitXMLReporter -->
<testsuite ignored="0" hostname="LAPTOP-3KFM323G" failures="0" tests="3" name="SampleTest1" time="17.609" errors="0" timestamp="2022-12-17T13:04:40 IST">
  <testcase classname="com.magento.testcases.CreateAccountTest" name="CreateAccountPagePresentTest" time="1.746"/>
  <testcase classname="com.magento.testcases.CreateAccountTest" name="ValidateCreateAccountTest" time="5.245"/>
  <testcase classname="com.magento.testcases.CreateAccountTest" name="validateLogoutTest" time="3.319"/>
</testsuite> <!-- SampleTest1 -->
