<?xml version="1.0" encoding="UTF-8"?>
<!-- Generated by org.testng.reporters.JUnitXMLReporter -->
<testsuite ignored="0" hostname="LAPTOP-3KFM323G" failures="0" tests="3" name="SampleTest2" time="13.1" errors="0" timestamp="2022-12-17T13:04:53 IST">
  <testcase classname="com.magento.testcases.LoginTest" name="homePagePresentTest" time="0.07"/>
  <testcase classname="com.magento.testcases.LoginTest" name="validateLoginTest" time="4.872"/>
  <testcase classname="com.magento.testcases.LoginTest" name="validateLogoutTest" time="3.23"/>
</testsuite> <!-- SampleTest2 -->
